{
  message: 'Database is connected successfully!',
  level: 'info',
  label: 'PH',
  timestamp: '2023-06-07T12:08:22.500Z'
}
{
  message: 'Application listening on port 5000',
  level: 'info',
  label: 'PH',
  timestamp: '2023-06-07T12:08:22.508Z'
}
{
  message: 'Database is connected successfully!',
  level: 'info',
  label: 'PH',
  timestamp: '2023-06-07T12:09:04.726Z'
}
{
  message: 'Application listening on port 5000',
  level: 'info',
  label: 'PH',
  timestamp: '2023-06-07T12:09:04.730Z'
}
{
  message: 'Database is connected successfully!',
  level: 'info',
  label: 'PH',
  timestamp: '2023-06-07T12:09:08.214Z'
}
{
  message: 'Application listening on port 5000',
  level: 'info',
  label: 'PH',
  timestamp: '2023-06-07T12:09:08.226Z'
}
{
  message: 'Database is connected successfully!',
  level: 'info',
  label: 'PH',
  timestamp: '2023-06-07T12:09:19.358Z'
}
{
  message: 'Application listening on port 5000',
  level: 'info',
  label: 'PH',
  timestamp: '2023-06-07T12:09:19.366Z'
}
{
  message: 'Database is connected successfully!',
  level: 'info',
  label: 'PH',
  timestamp: '2023-06-07T12:09:24.571Z'
}
{
  message: 'Application listening on port 5000',
  level: 'info',
  label: 'PH',
  timestamp: '2023-06-07T12:09:24.578Z'
}
{
  message: 'Database is connected successfully!',
  level: 'info',
  label: 'PH',
  timestamp: '2023-06-07T12:09:31.097Z'
}
{
  message: 'Application listening on port 5000',
  level: 'info',
  label: 'PH',
  timestamp: '2023-06-07T12:09:31.102Z'
}
{
  message: 'Database is connected successfully!',
  level: 'info',
  label: 'PH',
  timestamp: '2023-06-07T12:09:33.005Z'
}
{
  message: 'Application listening on port 5000',
  level: 'info',
  label: 'PH',
  timestamp: '2023-06-07T12:09:33.012Z'
}
{
  message: 'Database is connected successfully!',
  level: 'info',
  label: 'PH',
  timestamp: '2023-06-07T12:09:35.028Z'
}
{
  message: 'Application listening on port 5000',
  level: 'info',
  label: 'PH',
  timestamp: '2023-06-07T12:09:35.036Z'
}
{
  message: 'Database is connected successfully!',
  level: 'info',
  label: 'PH',
  timestamp: '2023-06-07T12:09:41.718Z'
}
{
  message: 'Application listening on port 5000',
  level: 'info',
  label: 'PH',
  timestamp: '2023-06-07T12:09:41.723Z'
}
{
  message: 'Database is connected successfully!',
  level: 'info',
  label: 'PH',
  timestamp: '2023-06-07T12:09:45.525Z'
}
{
  message: 'Application listening on port 5000',
  level: 'info',
  label: 'PH',
  timestamp: '2023-06-07T12:09:45.532Z'
}
{
  message: 'Database is connected successfully!',
  level: 'info',
  label: 'PH',
  timestamp: '2023-06-07T12:09:51.938Z'
}
{
  message: 'Application listening on port 5000',
  level: 'info',
  label: 'PH',
  timestamp: '2023-06-07T12:09:51.946Z'
}
{
  message: 'Database is connected successfully!',
  level: 'info',
  label: 'PH',
  timestamp: '2023-06-07T12:09:53.246Z'
}
{
  message: 'Application listening on port 5000',
  level: 'info',
  label: 'PH',
  timestamp: '2023-06-07T12:09:53.254Z'
}
{
  message: 'Database is connected successfully!',
  level: 'info',
  label: 'PH',
  timestamp: '2023-06-07T12:10:00.921Z'
}
{
  message: 'Application listening on port 5000',
  level: 'info',
  label: 'PH',
  timestamp: '2023-06-07T12:10:00.925Z'
}
{
  message: 'Database is connected successfully!',
  level: 'info',
  label: 'PH',
  timestamp: '2023-06-07T12:10:16.091Z'
}
{
  message: 'Application listening on port 5000',
  level: 'info',
  label: 'PH',
  timestamp: '2023-06-07T12:10:16.097Z'
}
{
  message: 'Database is connected successfully!',
  level: 'info',
  label: 'PH',
  timestamp: '2023-06-07T12:10:19.500Z'
}
{
  message: 'Application listening on port 5000',
  level: 'info',
  label: 'PH',
  timestamp: '2023-06-07T12:10:19.507Z'
}
{
  message: 'Database is connected successfully!',
  level: 'info',
  label: 'PH',
  timestamp: '2023-06-07T12:10:22.375Z'
}
{
  message: 'Application listening on port 5000',
  level: 'info',
  label: 'PH',
  timestamp: '2023-06-07T12:10:22.383Z'
}
{
  message: 'Database is connected successfully!',
  level: 'info',
  label: 'PH',
  timestamp: '2023-06-07T12:10:31.870Z'
}
{
  message: 'Application listening on port 5000',
  level: 'info',
  label: 'PH',
  timestamp: '2023-06-07T12:10:31.879Z'
}
{
  message: 'Database is connected successfully!',
  level: 'info',
  label: 'PH',
  timestamp: '2023-06-07T12:10:42.521Z'
}
{
  message: 'Application listening on port 5000',
  level: 'info',
  label: 'PH',
  timestamp: '2023-06-07T12:10:42.528Z'
}
{
  message: 'Database is connected successfully!',
  level: 'info',
  label: 'PH',
  timestamp: '2023-06-07T12:10:43.932Z'
}
{
  message: 'Application listening on port 5000',
  level: 'info',
  label: 'PH',
  timestamp: '2023-06-07T12:10:43.939Z'
}
{
  message: 'Database is connected successfully!',
  level: 'info',
  label: 'PH',
  timestamp: '2023-06-07T12:10:46.564Z'
}
{
  message: 'Application listening on port 5000',
  level: 'info',
  label: 'PH',
  timestamp: '2023-06-07T12:10:46.572Z'
}
{
  message: 'Database is connected successfully!',
  level: 'info',
  label: 'PH',
  timestamp: '2023-06-07T12:10:52.693Z'
}
{
  message: 'Application listening on port 5000',
  level: 'info',
  label: 'PH',
  timestamp: '2023-06-07T12:10:52.700Z'
}
{
  message: 'Database is connected successfully!',
  level: 'info',
  label: 'PH',
  timestamp: '2023-06-07T12:10:53.914Z'
}
{
  message: 'Application listening on port 5000',
  level: 'info',
  label: 'PH',
  timestamp: '2023-06-07T12:10:53.920Z'
}
{
  message: 'Database is connected successfully!',
  level: 'info',
  label: 'PH',
  timestamp: '2023-06-07T12:10:58.043Z'
}
{
  message: 'Application listening on port 5000',
  level: 'info',
  label: 'PH',
  timestamp: '2023-06-07T12:10:58.047Z'
}
{
  message: 'Database is connected successfully!',
  level: 'info',
  label: 'PH',
  timestamp: '2023-06-07T12:10:59.307Z'
}
{
  message: 'Application listening on port 5000',
  level: 'info',
  label: 'PH',
  timestamp: '2023-06-07T12:10:59.314Z'
}
{
  message: 'Database is connected successfully!',
  level: 'info',
  label: 'PH',
  timestamp: '2023-06-07T12:12:19.947Z'
}
{
  message: 'Application listening on port 5000',
  level: 'info',
  label: 'PH',
  timestamp: '2023-06-07T12:12:19.955Z'
}
{
  message: 'Database is connected successfully!',
  level: 'info',
  label: 'PH',
  timestamp: '2023-06-07T12:12:30.629Z'
}
{
  message: 'Application listening on port 5000',
  level: 'info',
  label: 'PH',
  timestamp: '2023-06-07T12:12:30.637Z'
}
{
  message: 'Database is connected successfully!',
  level: 'info',
  label: 'PH',
  timestamp: '2023-06-07T12:14:57.559Z'
}
{
  message: 'Application listening on port 5000',
  level: 'info',
  label: 'PH',
  timestamp: '2023-06-07T12:14:57.563Z'
}
{
  message: 'Database is connected successfully!',
  level: 'info',
  label: 'PH',
  timestamp: '2023-06-07T12:14:59.058Z'
}
{
  message: 'Application listening on port 5000',
  level: 'info',
  label: 'PH',
  timestamp: '2023-06-07T12:14:59.066Z'
}
