{
  message: 'Database is connected successfully!',
  level: 'info',
  label: 'PH',
  timestamp: '2023-06-16T15:45:40.421Z'
}
{
  message: 'Application listening on port 5000',
  level: 'info',
  label: 'PH',
  timestamp: '2023-06-16T15:45:40.431Z'
}
{
  message: 'Database is connected successfully!',
  level: 'info',
  label: 'PH',
  timestamp: '2023-06-16T15:48:39.824Z'
}
{
  message: 'Application listening on port 5000',
  level: 'info',
  label: 'PH',
  timestamp: '2023-06-16T15:48:39.831Z'
}
{
  message: 'Database is connected successfully!',
  level: 'info',
  label: 'PH',
  timestamp: '2023-06-16T15:48:51.677Z'
}
{
  message: 'Application listening on port 5000',
  level: 'info',
  label: 'PH',
  timestamp: '2023-06-16T15:48:51.687Z'
}
