{
  message: 'Database is connected successfully!',
  level: 'info',
  label: 'PH',
  timestamp: '2023-06-18T05:01:22.596Z'
}
{
  message: 'Application listening on port 5000',
  level: 'info',
  label: 'PH',
  timestamp: '2023-06-18T05:01:22.601Z'
}
{
  message: 'Database is connected successfully!',
  level: 'info',
  label: 'PH',
  timestamp: '2023-06-18T05:01:33.258Z'
}
{
  message: 'Application listening on port 5000',
  level: 'info',
  label: 'PH',
  timestamp: '2023-06-18T05:01:33.268Z'
}
{
  message: 'Database is connected successfully!',
  level: 'info',
  label: 'PH',
  timestamp: '2023-06-18T05:02:11.697Z'
}
{
  message: 'Application listening on port 5000',
  level: 'info',
  label: 'PH',
  timestamp: '2023-06-18T05:02:11.705Z'
}
{
  message: 'Database is connected successfully!',
  level: 'info',
  label: 'PH',
  timestamp: '2023-06-18T05:02:36.898Z'
}
{
  message: 'Application listening on port 5000',
  level: 'info',
  label: 'PH',
  timestamp: '2023-06-18T05:02:36.904Z'
}
{
  message: 'Database is connected successfully!',
  level: 'info',
  label: 'PH',
  timestamp: '2023-06-18T05:02:40.847Z'
}
{
  message: 'Application listening on port 5000',
  level: 'info',
  label: 'PH',
  timestamp: '2023-06-18T05:02:40.853Z'
}
{
  message: 'Database is connected successfully!',
  level: 'info',
  label: 'PH',
  timestamp: '2023-06-18T05:02:42.220Z'
}
{
  message: 'Application listening on port 5000',
  level: 'info',
  label: 'PH',
  timestamp: '2023-06-18T05:02:42.229Z'
}
{
  message: 'Database is connected successfully!',
  level: 'info',
  label: 'PH',
  timestamp: '2023-06-18T05:02:50.584Z'
}
{
  message: 'Application listening on port 5000',
  level: 'info',
  label: 'PH',
  timestamp: '2023-06-18T05:02:50.589Z'
}
{
  message: 'Database is connected successfully!',
  level: 'info',
  label: 'PH',
  timestamp: '2023-06-18T05:03:06.427Z'
}
{
  message: 'Application listening on port 5000',
  level: 'info',
  label: 'PH',
  timestamp: '2023-06-18T05:03:06.435Z'
}
{
  message: 'Database is connected successfully!',
  level: 'info',
  label: 'PH',
  timestamp: '2023-06-18T05:03:12.987Z'
}
{
  message: 'Application listening on port 5000',
  level: 'info',
  label: 'PH',
  timestamp: '2023-06-18T05:03:12.996Z'
}
{
  message: 'Database is connected successfully!',
  level: 'info',
  label: 'PH',
  timestamp: '2023-06-18T05:03:58.191Z'
}
{
  message: 'Application listening on port 5000',
  level: 'info',
  label: 'PH',
  timestamp: '2023-06-18T05:03:58.197Z'
}
{
  message: 'Database is connected successfully!',
  level: 'info',
  label: 'PH',
  timestamp: '2023-06-18T05:03:59.708Z'
}
{
  message: 'Application listening on port 5000',
  level: 'info',
  label: 'PH',
  timestamp: '2023-06-18T05:03:59.719Z'
}
{
  message: 'Database is connected successfully!',
  level: 'info',
  label: 'PH',
  timestamp: '2023-06-18T05:04:13.540Z'
}
{
  message: 'Application listening on port 5000',
  level: 'info',
  label: 'PH',
  timestamp: '2023-06-18T05:04:13.549Z'
}
{
  message: 'Database is connected successfully!',
  level: 'info',
  label: 'PH',
  timestamp: '2023-06-18T05:04:16.077Z'
}
{
  message: 'Application listening on port 5000',
  level: 'info',
  label: 'PH',
  timestamp: '2023-06-18T05:04:16.087Z'
}
{
  message: 'Database is connected successfully!',
  level: 'info',
  label: 'PH',
  timestamp: '2023-06-18T05:04:23.022Z'
}
{
  message: 'Application listening on port 5000',
  level: 'info',
  label: 'PH',
  timestamp: '2023-06-18T05:04:23.031Z'
}
{
  message: 'Database is connected successfully!',
  level: 'info',
  label: 'PH',
  timestamp: '2023-06-18T05:10:25.799Z'
}
{
  message: 'Application listening on port 5000',
  level: 'info',
  label: 'PH',
  timestamp: '2023-06-18T05:10:25.810Z'
}
{
  message: 'Database is connected successfully!',
  level: 'info',
  label: 'PH',
  timestamp: '2023-06-18T05:10:50.601Z'
}
{
  message: 'Application listening on port 5000',
  level: 'info',
  label: 'PH',
  timestamp: '2023-06-18T05:10:50.606Z'
}
{
  message: 'Database is connected successfully!',
  level: 'info',
  label: 'PH',
  timestamp: '2023-06-18T05:10:53.599Z'
}
{
  message: 'Application listening on port 5000',
  level: 'info',
  label: 'PH',
  timestamp: '2023-06-18T05:10:53.607Z'
}
{
  message: 'Database is connected successfully!',
  level: 'info',
  label: 'PH',
  timestamp: '2023-06-18T05:10:57.542Z'
}
{
  message: 'Application listening on port 5000',
  level: 'info',
  label: 'PH',
  timestamp: '2023-06-18T05:10:57.549Z'
}
{
  message: 'Database is connected successfully!',
  level: 'info',
  label: 'PH',
  timestamp: '2023-06-18T05:10:59.776Z'
}
{
  message: 'Application listening on port 5000',
  level: 'info',
  label: 'PH',
  timestamp: '2023-06-18T05:10:59.782Z'
}
{
  message: 'Database is connected successfully!',
  level: 'info',
  label: 'PH',
  timestamp: '2023-06-18T05:11:11.955Z'
}
{
  message: 'Application listening on port 5000',
  level: 'info',
  label: 'PH',
  timestamp: '2023-06-18T05:11:11.963Z'
}
{
  message: 'Database is connected successfully!',
  level: 'info',
  label: 'PH',
  timestamp: '2023-06-18T05:11:13.222Z'
}
{
  message: 'Application listening on port 5000',
  level: 'info',
  label: 'PH',
  timestamp: '2023-06-18T05:11:13.228Z'
}
{
  message: 'Database is connected successfully!',
  level: 'info',
  label: 'PH',
  timestamp: '2023-06-18T05:11:21.929Z'
}
{
  message: 'Application listening on port 5000',
  level: 'info',
  label: 'PH',
  timestamp: '2023-06-18T05:11:21.941Z'
}
{
  message: 'Database is connected successfully!',
  level: 'info',
  label: 'PH',
  timestamp: '2023-06-18T05:11:25.092Z'
}
{
  message: 'Application listening on port 5000',
  level: 'info',
  label: 'PH',
  timestamp: '2023-06-18T05:11:25.100Z'
}
{
  message: 'Database is connected successfully!',
  level: 'info',
  label: 'PH',
  timestamp: '2023-06-18T05:11:33.468Z'
}
{
  message: 'Application listening on port 5000',
  level: 'info',
  label: 'PH',
  timestamp: '2023-06-18T05:11:33.478Z'
}
{
  message: 'Database is connected successfully!',
  level: 'info',
  label: 'PH',
  timestamp: '2023-06-18T05:11:38.311Z'
}
{
  message: 'Application listening on port 5000',
  level: 'info',
  label: 'PH',
  timestamp: '2023-06-18T05:11:38.316Z'
}
{
  message: 'Database is connected successfully!',
  level: 'info',
  label: 'PH',
  timestamp: '2023-06-18T05:11:59.914Z'
}
{
  message: 'Application listening on port 5000',
  level: 'info',
  label: 'PH',
  timestamp: '2023-06-18T05:11:59.930Z'
}
{
  message: 'Database is connected successfully!',
  level: 'info',
  label: 'PH',
  timestamp: '2023-06-18T05:12:02.218Z'
}
{
  message: 'Application listening on port 5000',
  level: 'info',
  label: 'PH',
  timestamp: '2023-06-18T05:12:02.224Z'
}
{
  message: 'Database is connected successfully!',
  level: 'info',
  label: 'PH',
  timestamp: '2023-06-18T05:12:06.332Z'
}
{
  message: 'Application listening on port 5000',
  level: 'info',
  label: 'PH',
  timestamp: '2023-06-18T05:12:06.340Z'
}
{
  message: 'Database is connected successfully!',
  level: 'info',
  label: 'PH',
  timestamp: '2023-06-18T05:12:16.103Z'
}
{
  message: 'Application listening on port 5000',
  level: 'info',
  label: 'PH',
  timestamp: '2023-06-18T05:12:16.111Z'
}
{
  message: 'Database is connected successfully!',
  level: 'info',
  label: 'PH',
  timestamp: '2023-06-18T05:12:18.460Z'
}
{
  message: 'Application listening on port 5000',
  level: 'info',
  label: 'PH',
  timestamp: '2023-06-18T05:12:18.468Z'
}
{
  message: 'Database is connected successfully!',
  level: 'info',
  label: 'PH',
  timestamp: '2023-06-18T05:12:22.715Z'
}
{
  message: 'Application listening on port 5000',
  level: 'info',
  label: 'PH',
  timestamp: '2023-06-18T05:12:22.722Z'
}
{
  message: 'Database is connected successfully!',
  level: 'info',
  label: 'PH',
  timestamp: '2023-06-18T05:12:27.238Z'
}
{
  message: 'Application listening on port 5000',
  level: 'info',
  label: 'PH',
  timestamp: '2023-06-18T05:12:27.247Z'
}
{
  message: 'Database is connected successfully!',
  level: 'info',
  label: 'PH',
  timestamp: '2023-06-18T05:12:36.601Z'
}
{
  message: 'Application listening on port 5000',
  level: 'info',
  label: 'PH',
  timestamp: '2023-06-18T05:12:36.610Z'
}
{
  message: 'Database is connected successfully!',
  level: 'info',
  label: 'PH',
  timestamp: '2023-06-18T05:12:42.416Z'
}
{
  message: 'Application listening on port 5000',
  level: 'info',
  label: 'PH',
  timestamp: '2023-06-18T05:12:42.425Z'
}
{
  message: 'Database is connected successfully!',
  level: 'info',
  label: 'PH',
  timestamp: '2023-06-18T05:13:44.858Z'
}
{
  message: 'Application listening on port 5000',
  level: 'info',
  label: 'PH',
  timestamp: '2023-06-18T05:13:44.867Z'
}
{
  message: 'Database is connected successfully!',
  level: 'info',
  label: 'PH',
  timestamp: '2023-06-18T05:13:53.454Z'
}
{
  message: 'Application listening on port 5000',
  level: 'info',
  label: 'PH',
  timestamp: '2023-06-18T05:13:53.461Z'
}
{
  message: 'Database is connected successfully!',
  level: 'info',
  label: 'PH',
  timestamp: '2023-06-18T05:13:56.304Z'
}
{
  message: 'Application listening on port 5000',
  level: 'info',
  label: 'PH',
  timestamp: '2023-06-18T05:13:56.312Z'
}
{
  message: 'Database is connected successfully!',
  level: 'info',
  label: 'PH',
  timestamp: '2023-06-18T05:33:54.078Z'
}
{
  message: 'Application listening on port 5000',
  level: 'info',
  label: 'PH',
  timestamp: '2023-06-18T05:33:54.087Z'
}
{
  message: 'Database is connected successfully!',
  level: 'info',
  label: 'PH',
  timestamp: '2023-06-18T05:40:42.292Z'
}
{
  message: 'Application listening on port 5000',
  level: 'info',
  label: 'PH',
  timestamp: '2023-06-18T05:40:42.301Z'
}
{
  message: 'Database is connected successfully!',
  level: 'info',
  label: 'PH',
  timestamp: '2023-06-18T05:46:35.690Z'
}
{
  message: 'Application listening on port 5000',
  level: 'info',
  label: 'PH',
  timestamp: '2023-06-18T05:46:35.698Z'
}
{
  message: 'Database is connected successfully!',
  level: 'info',
  label: 'PH',
  timestamp: '2023-06-18T05:47:53.661Z'
}
{
  message: 'Application listening on port 5000',
  level: 'info',
  label: 'PH',
  timestamp: '2023-06-18T05:47:53.667Z'
}
{
  message: 'Database is connected successfully!',
  level: 'info',
  label: 'PH',
  timestamp: '2023-06-18T05:48:09.431Z'
}
{
  message: 'Application listening on port 5000',
  level: 'info',
  label: 'PH',
  timestamp: '2023-06-18T05:48:09.437Z'
}
{
  message: 'Database is connected successfully!',
  level: 'info',
  label: 'PH',
  timestamp: '2023-06-18T05:48:17.197Z'
}
{
  message: 'Application listening on port 5000',
  level: 'info',
  label: 'PH',
  timestamp: '2023-06-18T05:48:17.205Z'
}
{
  message: 'Database is connected successfully!',
  level: 'info',
  label: 'PH',
  timestamp: '2023-06-18T05:48:28.070Z'
}
{
  message: 'Application listening on port 5000',
  level: 'info',
  label: 'PH',
  timestamp: '2023-06-18T05:48:28.078Z'
}
{
  message: 'Database is connected successfully!',
  level: 'info',
  label: 'PH',
  timestamp: '2023-06-18T05:48:40.014Z'
}
{
  message: 'Application listening on port 5000',
  level: 'info',
  label: 'PH',
  timestamp: '2023-06-18T05:48:40.023Z'
}
{
  message: 'Database is connected successfully!',
  level: 'info',
  label: 'PH',
  timestamp: '2023-06-18T05:48:56.516Z'
}
{
  message: 'Application listening on port 5000',
  level: 'info',
  label: 'PH',
  timestamp: '2023-06-18T05:48:56.523Z'
}
{
  message: 'Database is connected successfully!',
  level: 'info',
  label: 'PH',
  timestamp: '2023-06-18T05:49:05.797Z'
}
{
  message: 'Application listening on port 5000',
  level: 'info',
  label: 'PH',
  timestamp: '2023-06-18T05:49:05.802Z'
}
{
  message: 'Database is connected successfully!',
  level: 'info',
  label: 'PH',
  timestamp: '2023-06-18T05:49:07.903Z'
}
{
  message: 'Application listening on port 5000',
  level: 'info',
  label: 'PH',
  timestamp: '2023-06-18T05:49:07.908Z'
}
{
  message: 'Database is connected successfully!',
  level: 'info',
  label: 'PH',
  timestamp: '2023-06-18T05:49:15.729Z'
}
{
  message: 'Application listening on port 5000',
  level: 'info',
  label: 'PH',
  timestamp: '2023-06-18T05:49:15.738Z'
}
{
  message: 'Database is connected successfully!',
  level: 'info',
  label: 'PH',
  timestamp: '2023-06-18T05:49:47.156Z'
}
{
  message: 'Application listening on port 5000',
  level: 'info',
  label: 'PH',
  timestamp: '2023-06-18T05:49:47.163Z'
}
{
  message: 'Database is connected successfully!',
  level: 'info',
  label: 'PH',
  timestamp: '2023-06-18T05:49:57.528Z'
}
{
  message: 'Application listening on port 5000',
  level: 'info',
  label: 'PH',
  timestamp: '2023-06-18T05:49:57.537Z'
}
{
  message: 'Database is connected successfully!',
  level: 'info',
  label: 'PH',
  timestamp: '2023-06-18T05:50:19.291Z'
}
{
  message: 'Application listening on port 5000',
  level: 'info',
  label: 'PH',
  timestamp: '2023-06-18T05:50:19.300Z'
}
{
  message: 'Database is connected successfully!',
  level: 'info',
  label: 'PH',
  timestamp: '2023-06-18T05:50:45.964Z'
}
{
  message: 'Application listening on port 5000',
  level: 'info',
  label: 'PH',
  timestamp: '2023-06-18T05:50:45.972Z'
}
{
  message: 'Database is connected successfully!',
  level: 'info',
  label: 'PH',
  timestamp: '2023-06-18T05:51:03.596Z'
}
{
  message: 'Application listening on port 5000',
  level: 'info',
  label: 'PH',
  timestamp: '2023-06-18T05:51:03.604Z'
}
{
  message: 'Database is connected successfully!',
  level: 'info',
  label: 'PH',
  timestamp: '2023-06-18T05:51:08.692Z'
}
{
  message: 'Application listening on port 5000',
  level: 'info',
  label: 'PH',
  timestamp: '2023-06-18T05:51:08.702Z'
}
{
  message: 'Database is connected successfully!',
  level: 'info',
  label: 'PH',
  timestamp: '2023-06-18T05:51:24.013Z'
}
{
  message: 'Application listening on port 5000',
  level: 'info',
  label: 'PH',
  timestamp: '2023-06-18T05:51:24.025Z'
}
{
  message: 'Database is connected successfully!',
  level: 'info',
  label: 'PH',
  timestamp: '2023-06-18T05:51:31.646Z'
}
{
  message: 'Application listening on port 5000',
  level: 'info',
  label: 'PH',
  timestamp: '2023-06-18T05:51:31.655Z'
}
{
  message: 'Database is connected successfully!',
  level: 'info',
  label: 'PH',
  timestamp: '2023-06-18T05:52:16.009Z'
}
{
  message: 'Application listening on port 5000',
  level: 'info',
  label: 'PH',
  timestamp: '2023-06-18T05:52:16.017Z'
}
{
  message: 'Database is connected successfully!',
  level: 'info',
  label: 'PH',
  timestamp: '2023-06-18T05:52:19.312Z'
}
{
  message: 'Application listening on port 5000',
  level: 'info',
  label: 'PH',
  timestamp: '2023-06-18T05:52:19.318Z'
}
{
  message: 'Database is connected successfully!',
  level: 'info',
  label: 'PH',
  timestamp: '2023-06-18T05:52:41.160Z'
}
{
  message: 'Application listening on port 5000',
  level: 'info',
  label: 'PH',
  timestamp: '2023-06-18T05:52:41.165Z'
}
{
  message: 'Database is connected successfully!',
  level: 'info',
  label: 'PH',
  timestamp: '2023-06-18T05:52:48.143Z'
}
{
  message: 'Application listening on port 5000',
  level: 'info',
  label: 'PH',
  timestamp: '2023-06-18T05:52:48.150Z'
}
