{
  message: 'Database is connected successfully!',
  level: 'info',
  label: 'PH',
  timestamp: '2023-06-14T05:09:13.686Z'
}
{
  message: 'Application listening on port 5000',
  level: 'info',
  label: 'PH',
  timestamp: '2023-06-14T05:09:13.694Z'
}
{
  message: 'Database is connected successfully!',
  level: 'info',
  label: 'PH',
  timestamp: '2023-06-14T05:09:21.632Z'
}
{
  message: 'Application listening on port 5000',
  level: 'info',
  label: 'PH',
  timestamp: '2023-06-14T05:09:21.640Z'
}
{
  message: 'Database is connected successfully!',
  level: 'info',
  label: 'PH',
  timestamp: '2023-06-14T05:09:25.492Z'
}
{
  message: 'Application listening on port 5000',
  level: 'info',
  label: 'PH',
  timestamp: '2023-06-14T05:09:25.500Z'
}
{
  message: 'Database is connected successfully!',
  level: 'info',
  label: 'PH',
  timestamp: '2023-06-14T05:09:30.264Z'
}
{
  message: 'Application listening on port 5000',
  level: 'info',
  label: 'PH',
  timestamp: '2023-06-14T05:09:30.272Z'
}
{
  message: 'Database is connected successfully!',
  level: 'info',
  label: 'PH',
  timestamp: '2023-06-14T05:24:54.915Z'
}
{
  message: 'Application listening on port 5000',
  level: 'info',
  label: 'PH',
  timestamp: '2023-06-14T05:24:54.923Z'
}
{
  message: 'Database is connected successfully!',
  level: 'info',
  label: 'PH',
  timestamp: '2023-06-14T05:24:59.970Z'
}
{
  message: 'Application listening on port 5000',
  level: 'info',
  label: 'PH',
  timestamp: '2023-06-14T05:24:59.977Z'
}
{
  message: 'Database is connected successfully!',
  level: 'info',
  label: 'PH',
  timestamp: '2023-06-14T05:25:11.856Z'
}
{
  message: 'Application listening on port 5000',
  level: 'info',
  label: 'PH',
  timestamp: '2023-06-14T05:25:11.864Z'
}
{
  message: 'Database is connected successfully!',
  level: 'info',
  label: 'PH',
  timestamp: '2023-06-14T05:25:18.297Z'
}
{
  message: 'Application listening on port 5000',
  level: 'info',
  label: 'PH',
  timestamp: '2023-06-14T05:25:18.304Z'
}
{
  message: 'Database is connected successfully!',
  level: 'info',
  label: 'PH',
  timestamp: '2023-06-14T05:25:20.066Z'
}
{
  message: 'Application listening on port 5000',
  level: 'info',
  label: 'PH',
  timestamp: '2023-06-14T05:25:20.084Z'
}
{
  message: 'Database is connected successfully!',
  level: 'info',
  label: 'PH',
  timestamp: '2023-06-14T05:25:21.658Z'
}
{
  message: 'Application listening on port 5000',
  level: 'info',
  label: 'PH',
  timestamp: '2023-06-14T05:25:21.662Z'
}
{
  message: 'Database is connected successfully!',
  level: 'info',
  label: 'PH',
  timestamp: '2023-06-14T05:25:34.404Z'
}
{
  message: 'Application listening on port 5000',
  level: 'info',
  label: 'PH',
  timestamp: '2023-06-14T05:25:34.413Z'
}
{
  message: 'Database is connected successfully!',
  level: 'info',
  label: 'PH',
  timestamp: '2023-06-14T05:26:29.955Z'
}
{
  message: 'Application listening on port 5000',
  level: 'info',
  label: 'PH',
  timestamp: '2023-06-14T05:26:29.963Z'
}
