{
  message: 'Database is connected successfully!',
  level: 'info',
  label: 'PH',
  timestamp: '2023-06-13T12:03:25.985Z'
}
{
  message: 'Application listening on port 5000',
  level: 'info',
  label: 'PH',
  timestamp: '2023-06-13T12:03:25.992Z'
}
{
  message: 'Database is connected successfully!',
  level: 'info',
  label: 'PH',
  timestamp: '2023-06-13T12:08:52.956Z'
}
{
  message: 'Application listening on port 5000',
  level: 'info',
  label: 'PH',
  timestamp: '2023-06-13T12:08:52.963Z'
}
{
  message: 'Database is connected successfully!',
  level: 'info',
  label: 'PH',
  timestamp: '2023-06-13T12:09:39.614Z'
}
{
  message: 'Application listening on port 5000',
  level: 'info',
  label: 'PH',
  timestamp: '2023-06-13T12:09:39.623Z'
}
{
  message: 'Database is connected successfully!',
  level: 'info',
  label: 'PH',
  timestamp: '2023-06-13T12:09:42.532Z'
}
{
  message: 'Application listening on port 5000',
  level: 'info',
  label: 'PH',
  timestamp: '2023-06-13T12:09:42.539Z'
}
{
  message: 'Database is connected successfully!',
  level: 'info',
  label: 'PH',
  timestamp: '2023-06-13T12:09:44.396Z'
}
{
  message: 'Application listening on port 5000',
  level: 'info',
  label: 'PH',
  timestamp: '2023-06-13T12:09:44.405Z'
}
{
  message: 'Database is connected successfully!',
  level: 'info',
  label: 'PH',
  timestamp: '2023-06-13T12:10:31.744Z'
}
{
  message: 'Application listening on port 5000',
  level: 'info',
  label: 'PH',
  timestamp: '2023-06-13T12:10:31.752Z'
}
{
  message: 'Database is connected successfully!',
  level: 'info',
  label: 'PH',
  timestamp: '2023-06-13T12:10:33.092Z'
}
{
  message: 'Application listening on port 5000',
  level: 'info',
  label: 'PH',
  timestamp: '2023-06-13T12:10:33.100Z'
}
{
  message: 'Database is connected successfully!',
  level: 'info',
  label: 'PH',
  timestamp: '2023-06-13T12:10:36.249Z'
}
{
  message: 'Application listening on port 5000',
  level: 'info',
  label: 'PH',
  timestamp: '2023-06-13T12:10:36.263Z'
}
{
  message: 'Database is connected successfully!',
  level: 'info',
  label: 'PH',
  timestamp: '2023-06-13T12:10:41.205Z'
}
{
  message: 'Application listening on port 5000',
  level: 'info',
  label: 'PH',
  timestamp: '2023-06-13T12:10:41.209Z'
}
{
  message: 'Database is connected successfully!',
  level: 'info',
  label: 'PH',
  timestamp: '2023-06-13T12:10:55.973Z'
}
{
  message: 'Application listening on port 5000',
  level: 'info',
  label: 'PH',
  timestamp: '2023-06-13T12:10:55.982Z'
}
{
  message: 'Database is connected successfully!',
  level: 'info',
  label: 'PH',
  timestamp: '2023-06-13T12:10:58.293Z'
}
{
  message: 'Application listening on port 5000',
  level: 'info',
  label: 'PH',
  timestamp: '2023-06-13T12:10:58.297Z'
}
{
  message: 'Database is connected successfully!',
  level: 'info',
  label: 'PH',
  timestamp: '2023-06-13T12:11:01.007Z'
}
{
  message: 'Application listening on port 5000',
  level: 'info',
  label: 'PH',
  timestamp: '2023-06-13T12:11:01.012Z'
}
{
  message: 'Database is connected successfully!',
  level: 'info',
  label: 'PH',
  timestamp: '2023-06-13T12:11:40.289Z'
}
{
  message: 'Application listening on port 5000',
  level: 'info',
  label: 'PH',
  timestamp: '2023-06-13T12:11:40.297Z'
}
{
  message: 'Database is connected successfully!',
  level: 'info',
  label: 'PH',
  timestamp: '2023-06-13T12:14:42.331Z'
}
{
  message: 'Application listening on port 5000',
  level: 'info',
  label: 'PH',
  timestamp: '2023-06-13T12:14:42.339Z'
}
{
  message: 'Database is connected successfully!',
  level: 'info',
  label: 'PH',
  timestamp: '2023-06-13T12:16:30.028Z'
}
{
  message: 'Application listening on port 5000',
  level: 'info',
  label: 'PH',
  timestamp: '2023-06-13T12:16:30.036Z'
}
{
  message: 'Database is connected successfully!',
  level: 'info',
  label: 'PH',
  timestamp: '2023-06-13T12:47:09.075Z'
}
{
  message: 'Application listening on port 5000',
  level: 'info',
  label: 'PH',
  timestamp: '2023-06-13T12:47:09.083Z'
}
{
  message: 'Database is connected successfully!',
  level: 'info',
  label: 'PH',
  timestamp: '2023-06-13T12:50:30.422Z'
}
{
  message: 'Application listening on port 5000',
  level: 'info',
  label: 'PH',
  timestamp: '2023-06-13T12:50:30.430Z'
}
{
  message: 'Database is connected successfully!',
  level: 'info',
  label: 'PH',
  timestamp: '2023-06-13T12:50:51.680Z'
}
{
  message: 'Application listening on port 5000',
  level: 'info',
  label: 'PH',
  timestamp: '2023-06-13T12:50:51.689Z'
}
{
  message: 'Database is connected successfully!',
  level: 'info',
  label: 'PH',
  timestamp: '2023-06-13T12:58:08.897Z'
}
{
  message: 'Application listening on port 5000',
  level: 'info',
  label: 'PH',
  timestamp: '2023-06-13T12:58:08.902Z'
}
{
  message: 'Database is connected successfully!',
  level: 'info',
  label: 'PH',
  timestamp: '2023-06-13T12:58:33.978Z'
}
{
  message: 'Application listening on port 5000',
  level: 'info',
  label: 'PH',
  timestamp: '2023-06-13T12:58:33.982Z'
}
